<?xml version="1.0" encoding="UTF-8"?>
<!-- Generated by org.testng.reporters.JUnitXMLReporter -->
<testsuite hostname="DESKTOP-ASB5QBL" ignored="0" name="On Firefox" tests="1" failures="1" timestamp="27 May 2022 02:54:30 GMT" time="22.549" errors="0">
  <testcase name="grid" time="22.337" classname="grid_ex.GridEg">
    <failure type="org.openqa.selenium.NoSuchWindowException" message="Browsing context has been discarded
Build info: version: &amp;apos;3.141.59&amp;apos;, revision: &amp;apos;e82be7d358&amp;apos;, time: &amp;apos;2018-11-14T08:25:53&amp;apos;
System info: host: &amp;apos;DESKTOP-ASB5QBL&amp;apos;, ip: &amp;apos;192.168.0.8&amp;apos;, os.name: &amp;apos;Windows 10&amp;apos;, os.arch: &amp;apos;amd64&amp;apos;, os.version: &amp;apos;10.0&amp;apos;, java.version: &amp;apos;1.8.0_221&amp;apos;
Driver info: org.openqa.selenium.remote.RemoteWebDriver
Capabilities {acceptInsecureCerts: true, browserName: firefox, browserVersion: 98.0.2, javascriptEnabled: true, moz:accessibilityChecks: false, moz:buildID: 20220322144853, moz:geckodriverVersion: 0.30.0, moz:headless: false, moz:processID: 9016, moz:profile: C:\Users\SharatChandra\AppD..., moz:shutdownTimeout: 60000, moz:useNonSpecCompliantPointerOrigin: false, moz:webdriverClick: true, pageLoadStrategy: normal, platform: WINDOWS, platformName: WINDOWS, platformVersion: 10.0, proxy: Proxy(), setWindowRect: true, strictFileInteractability: false, timeouts: {implicit: 0, pageLoad: 300000, script: 30000}, unhandledPromptBehavior: dismiss and notify, webdriver.remote.sessionid: 5d91a5de-6f20-4d0e-a424-6b6...}
Session ID: 5d91a5de-6f20-4d0e-a424-6b6920a4e69c">
      <![CDATA[org.openqa.selenium.NoSuchWindowException: Browsing context has been discardedBuild info: version: '3.141.59', revision: 'e82be7d358', time: '2018-11-14T08:25:53'System info: host: 'DESKTOP-ASB5QBL', ip: '192.168.0.8', os.name: 'Windows 10', os.arch: 'amd64', os.version: '10.0', java.version: '1.8.0_221'Driver info: org.openqa.selenium.remote.RemoteWebDriverCapabilities {acceptInsecureCerts: true, browserName: firefox, browserVersion: 98.0.2, javascriptEnabled: true, moz:accessibilityChecks: false, moz:buildID: 20220322144853, moz:geckodriverVersion: 0.30.0, moz:headless: false, moz:processID: 9016, moz:profile: C:\Users\SharatChandra\AppD..., moz:shutdownTimeout: 60000, moz:useNonSpecCompliantPointerOrigin: false, moz:webdriverClick: true, pageLoadStrategy: normal, platform: WINDOWS, platformName: WINDOWS, platformVersion: 10.0, proxy: Proxy(), setWindowRect: true, strictFileInteractability: false, timeouts: {implicit: 0, pageLoad: 300000, script: 30000}, unhandledPromptBehavior: dismiss and notify, webdriver.remote.sessionid: 5d91a5de-6f20-4d0e-a424-6b6...}Session ID: 5d91a5de-6f20-4d0e-a424-6b6920a4e69cat org.openqa.selenium.remote.http.W3CHttpResponseCodec.createException(W3CHttpResponseCodec.java:187)at org.openqa.selenium.remote.http.W3CHttpResponseCodec.decode(W3CHttpResponseCodec.java:122)at org.openqa.selenium.remote.http.W3CHttpResponseCodec.decode(W3CHttpResponseCodec.java:49)at org.openqa.selenium.remote.HttpCommandExecutor.execute(HttpCommandExecutor.java:158)at org.openqa.selenium.remote.RemoteWebDriver.execute(RemoteWebDriver.java:552)at org.openqa.selenium.remote.RemoteWebDriver.execute(RemoteWebDriver.java:609)at org.openqa.selenium.remote.RemoteWebDriver$RemoteWebDriverOptions$RemoteWindow.maximize(RemoteWebDriver.java:837)at grid_ex.GridEg.grid(GridEg.java:36)... Removed 29 stack frames]]>
    </failure>
  </testcase> <!-- grid -->
</testsuite> <!-- On Firefox -->
