<?xml version="1.0" encoding="UTF-8"?>
<testng-results skipped="0" failed="0" ignored="0" total="1" passed="1">
  <reporter-output>
  </reporter-output>
  <suite name="Default suite" duration-ms="34861" started-at="2022-05-26T02:09:25Z" finished-at="2022-05-26T02:10:00Z">
    <groups>
    </groups>
    <test name="Default test" duration-ms="34861" started-at="2022-05-26T02:09:25Z" finished-at="2022-05-26T02:10:00Z">
      <class name="pom.LoginTC_POM">
        <test-method status="PASS" signature="login()[pri:0, instance:pom.LoginTC_POM@5e3a8624]" name="login" duration-ms="34693" started-at="2022-05-26T07:39:26Z" finished-at="2022-05-26T07:40:00Z">
          <reporter-output>
          </reporter-output>
        </test-method> <!-- login -->
      </class> <!-- pom.LoginTC_POM -->
    </test> <!-- Default test -->
  </suite> <!-- Default suite -->
</testng-results>
