<?xml version="1.0" encoding="UTF-8"?>
<testng-results skipped="0" failed="2" ignored="0" total="2" passed="0">
  <reporter-output>
  </reporter-output>
  <suite name="Suite" duration-ms="28685" started-at="2022-05-27T02:54:08Z" finished-at="2022-05-27T02:54:36Z">
    <groups>
    </groups>
    <test name="On Firefox" duration-ms="22549" started-at="2022-05-27T02:54:08Z" finished-at="2022-05-27T02:54:30Z">
      <class name="grid_ex.GridEg">
        <test-method status="FAIL" signature="grid(java.lang.String, java.lang.String)[pri:0, instance:grid_ex.GridEg@23ceabc1]" name="grid" duration-ms="22337" started-at="2022-05-27T08:24:08Z" finished-at="2022-05-27T08:24:30Z">
          <params>
            <param index="0">
              <value>
                <![CDATA[windows]]>
              </value>
            </param>
            <param index="1">
              <value>
                <![CDATA[firefox]]>
              </value>
            </param>
          </params>
          <exception class="org.openqa.selenium.NoSuchWindowException">
            <message>
              <![CDATA[Browsing context has been discardedBuild info: version: '3.141.59', revision: 'e82be7d358', time: '2018-11-14T08:25:53'System info: host: 'DESKTOP-ASB5QBL', ip: '192.168.0.8', os.name: 'Windows 10', os.arch: 'amd64', os.version: '10.0', java.version: '1.8.0_221'Driver info: org.openqa.selenium.remote.RemoteWebDriverCapabilities {acceptInsecureCerts: true, browserName: firefox, browserVersion: 98.0.2, javascriptEnabled: true, moz:accessibilityChecks: false, moz:buildID: 20220322144853, moz:geckodriverVersion: 0.30.0, moz:headless: false, moz:processID: 9016, moz:profile: C:\Users\SharatChandra\AppD..., moz:shutdownTimeout: 60000, moz:useNonSpecCompliantPointerOrigin: false, moz:webdriverClick: true, pageLoadStrategy: normal, platform: WINDOWS, platformName: WINDOWS, platformVersion: 10.0, proxy: Proxy(), setWindowRect: true, strictFileInteractability: false, timeouts: {implicit: 0, pageLoad: 300000, script: 30000}, unhandledPromptBehavior: dismiss and notify, webdriver.remote.sessionid: 5d91a5de-6f20-4d0e-a424-6b6...}Session ID: 5d91a5de-6f20-4d0e-a424-6b6920a4e69c]]>
            </message>
            <full-stacktrace>
              <![CDATA[org.openqa.selenium.NoSuchWindowException: Browsing context has been discardedBuild info: version: '3.141.59', revision: 'e82be7d358', time: '2018-11-14T08:25:53'System info: host: 'DESKTOP-ASB5QBL', ip: '192.168.0.8', os.name: 'Windows 10', os.arch: 'amd64', os.version: '10.0', java.version: '1.8.0_221'Driver info: org.openqa.selenium.remote.RemoteWebDriverCapabilities {acceptInsecureCerts: true, browserName: firefox, browserVersion: 98.0.2, javascriptEnabled: true, moz:accessibilityChecks: false, moz:buildID: 20220322144853, moz:geckodriverVersion: 0.30.0, moz:headless: false, moz:processID: 9016, moz:profile: C:\Users\SharatChandra\AppD..., moz:shutdownTimeout: 60000, moz:useNonSpecCompliantPointerOrigin: false, moz:webdriverClick: true, pageLoadStrategy: normal, platform: WINDOWS, platformName: WINDOWS, platformVersion: 10.0, proxy: Proxy(), setWindowRect: true, strictFileInteractability: false, timeouts: {implicit: 0, pageLoad: 300000, script: 30000}, unhandledPromptBehavior: dismiss and notify, webdriver.remote.sessionid: 5d91a5de-6f20-4d0e-a424-6b6...}Session ID: 5d91a5de-6f20-4d0e-a424-6b6920a4e69cat sun.reflect.NativeConstructorAccessorImpl.newInstance0(Native Method)at sun.reflect.NativeConstructorAccessorImpl.newInstance(Unknown Source)at sun.reflect.DelegatingConstructorAccessorImpl.newInstance(Unknown Source)at java.lang.reflect.Constructor.newInstance(Unknown Source)at org.openqa.selenium.remote.http.W3CHttpResponseCodec.createException(W3CHttpResponseCodec.java:187)at org.openqa.selenium.remote.http.W3CHttpResponseCodec.decode(W3CHttpResponseCodec.java:122)at org.openqa.selenium.remote.http.W3CHttpResponseCodec.decode(W3CHttpResponseCodec.java:49)at org.openqa.selenium.remote.HttpCommandExecutor.execute(HttpCommandExecutor.java:158)at org.openqa.selenium.remote.RemoteWebDriver.execute(RemoteWebDriver.java:552)at org.openqa.selenium.remote.RemoteWebDriver.execute(RemoteWebDriver.java:609)at org.openqa.selenium.remote.RemoteWebDriver$RemoteWebDriverOptions$RemoteWindow.maximize(RemoteWebDriver.java:837)at grid_ex.GridEg.grid(GridEg.java:36)at sun.reflect.NativeMethodAccessorImpl.invoke0(Native Method)at sun.reflect.NativeMethodAccessorImpl.invoke(Unknown Source)at sun.reflect.DelegatingMethodAccessorImpl.invoke(Unknown Source)at java.lang.reflect.Method.invoke(Unknown Source)at org.testng.internal.MethodInvocationHelper.invokeMethod(MethodInvocationHelper.java:124)at org.testng.internal.Invoker.invokeMethod(Invoker.java:571)at org.testng.internal.Invoker.invokeTestMethod(Invoker.java:707)at org.testng.internal.Invoker.invokeTestMethods(Invoker.java:979)at org.testng.internal.TestMethodWorker.invokeTestMethods(TestMethodWorker.java:125)at org.testng.internal.TestMethodWorker.run(TestMethodWorker.java:109)at org.testng.TestRunner.privateRun(TestRunner.java:648)at org.testng.TestRunner.run(TestRunner.java:505)at org.testng.SuiteRunner.runTest(SuiteRunner.java:455)at org.testng.SuiteRunner.runSequentially(SuiteRunner.java:450)at org.testng.SuiteRunner.privateRun(SuiteRunner.java:415)at org.testng.SuiteRunner.run(SuiteRunner.java:364)at org.testng.SuiteRunnerWorker.runSuite(SuiteRunnerWorker.java:52)at org.testng.SuiteRunnerWorker.run(SuiteRunnerWorker.java:84)at org.testng.TestNG.runSuitesSequentially(TestNG.java:1187)at org.testng.TestNG.runSuitesLocally(TestNG.java:1116)at org.testng.TestNG.runSuites(TestNG.java:1028)at org.testng.TestNG.run(TestNG.java:996)at org.testng.remote.AbstractRemoteTestNG.run(AbstractRemoteTestNG.java:114)at org.testng.remote.RemoteTestNG.initAndRun(RemoteTestNG.java:251)at org.testng.remote.RemoteTestNG.main(RemoteTestNG.java:77)]]>
            </full-stacktrace>
          </exception> <!-- org.openqa.selenium.NoSuchWindowException -->
          <reporter-output>
          </reporter-output>
        </test-method> <!-- grid -->
      </class> <!-- grid_ex.GridEg -->
    </test> <!-- On Firefox -->
    <test name="On Chrome" duration-ms="5990" started-at="2022-05-27T02:54:30Z" finished-at="2022-05-27T02:54:36Z">
      <class name="grid_ex.GridEg">
        <test-method status="FAIL" signature="grid(java.lang.String, java.lang.String)[pri:0, instance:grid_ex.GridEg@6767c1fc]" name="grid" duration-ms="5961" started-at="2022-05-27T08:24:30Z" finished-at="2022-05-27T08:24:36Z">
          <params>
            <param index="0">
              <value>
                <![CDATA[windows]]>
              </value>
            </param>
            <param index="1">
              <value>
                <![CDATA[chrome]]>
              </value>
            </param>
          </params>
          <exception class="org.openqa.selenium.WebDriverException">
            <message>
              <![CDATA[unknown error: cannot determine loading statusfrom disconnected: unable to send message to renderer  (Session info: chrome=101.0.4951.67)Build info: version: '3.141.59', revision: 'e82be7d358', time: '2018-11-14T08:25:53'System info: host: 'DESKTOP-ASB5QBL', ip: '192.168.0.8', os.name: 'Windows 10', os.arch: 'amd64', os.version: '10.0', java.version: '1.8.0_221'Driver info: org.openqa.selenium.remote.RemoteWebDriverCapabilities {acceptInsecureCerts: false, browserName: chrome, browserVersion: 101.0.4951.67, chrome: {chromedriverVersion: 100.0.4896.60 (6a5d10861ce8..., userDataDir: C:\Users\SHARAT~1\AppData\L...}, goog:chromeOptions: {debuggerAddress: localhost:55335}, javascriptEnabled: true, networkConnectionEnabled: false, pageLoadStrategy: normal, platform: WINDOWS, platformName: WINDOWS, proxy: Proxy(), setWindowRect: true, strictFileInteractability: false, timeouts: {implicit: 0, pageLoad: 300000, script: 30000}, unhandledPromptBehavior: dismiss and notify, webauthn:extension:credBlob: true, webauthn:extension:largeBlob: true, webauthn:virtualAuthenticators: true, webdriver.remote.sessionid: 96697aac4a8cc806fcf27088d7d...}Session ID: 96697aac4a8cc806fcf27088d7dd3efb]]>
            </message>
            <full-stacktrace>
              <![CDATA[org.openqa.selenium.WebDriverException: unknown error: cannot determine loading statusfrom disconnected: unable to send message to renderer  (Session info: chrome=101.0.4951.67)Build info: version: '3.141.59', revision: 'e82be7d358', time: '2018-11-14T08:25:53'System info: host: 'DESKTOP-ASB5QBL', ip: '192.168.0.8', os.name: 'Windows 10', os.arch: 'amd64', os.version: '10.0', java.version: '1.8.0_221'Driver info: org.openqa.selenium.remote.RemoteWebDriverCapabilities {acceptInsecureCerts: false, browserName: chrome, browserVersion: 101.0.4951.67, chrome: {chromedriverVersion: 100.0.4896.60 (6a5d10861ce8..., userDataDir: C:\Users\SHARAT~1\AppData\L...}, goog:chromeOptions: {debuggerAddress: localhost:55335}, javascriptEnabled: true, networkConnectionEnabled: false, pageLoadStrategy: normal, platform: WINDOWS, platformName: WINDOWS, proxy: Proxy(), setWindowRect: true, strictFileInteractability: false, timeouts: {implicit: 0, pageLoad: 300000, script: 30000}, unhandledPromptBehavior: dismiss and notify, webauthn:extension:credBlob: true, webauthn:extension:largeBlob: true, webauthn:virtualAuthenticators: true, webdriver.remote.sessionid: 96697aac4a8cc806fcf27088d7d...}Session ID: 96697aac4a8cc806fcf27088d7dd3efbat sun.reflect.NativeConstructorAccessorImpl.newInstance0(Native Method)at sun.reflect.NativeConstructorAccessorImpl.newInstance(Unknown Source)at sun.reflect.DelegatingConstructorAccessorImpl.newInstance(Unknown Source)at java.lang.reflect.Constructor.newInstance(Unknown Source)at org.openqa.selenium.remote.http.W3CHttpResponseCodec.createException(W3CHttpResponseCodec.java:187)at org.openqa.selenium.remote.http.W3CHttpResponseCodec.decode(W3CHttpResponseCodec.java:122)at org.openqa.selenium.remote.http.W3CHttpResponseCodec.decode(W3CHttpResponseCodec.java:49)at org.openqa.selenium.remote.HttpCommandExecutor.execute(HttpCommandExecutor.java:158)at org.openqa.selenium.remote.RemoteWebDriver.execute(RemoteWebDriver.java:552)at org.openqa.selenium.remote.RemoteWebDriver.get(RemoteWebDriver.java:277)at grid_ex.GridEg.grid(GridEg.java:34)at sun.reflect.NativeMethodAccessorImpl.invoke0(Native Method)at sun.reflect.NativeMethodAccessorImpl.invoke(Unknown Source)at sun.reflect.DelegatingMethodAccessorImpl.invoke(Unknown Source)at java.lang.reflect.Method.invoke(Unknown Source)at org.testng.internal.MethodInvocationHelper.invokeMethod(MethodInvocationHelper.java:124)at org.testng.internal.Invoker.invokeMethod(Invoker.java:571)at org.testng.internal.Invoker.invokeTestMethod(Invoker.java:707)at org.testng.internal.Invoker.invokeTestMethods(Invoker.java:979)at org.testng.internal.TestMethodWorker.invokeTestMethods(TestMethodWorker.java:125)at org.testng.internal.TestMethodWorker.run(TestMethodWorker.java:109)at org.testng.TestRunner.privateRun(TestRunner.java:648)at org.testng.TestRunner.run(TestRunner.java:505)at org.testng.SuiteRunner.runTest(SuiteRunner.java:455)at org.testng.SuiteRunner.runSequentially(SuiteRunner.java:450)at org.testng.SuiteRunner.privateRun(SuiteRunner.java:415)at org.testng.SuiteRunner.run(SuiteRunner.java:364)at org.testng.SuiteRunnerWorker.runSuite(SuiteRunnerWorker.java:52)at org.testng.SuiteRunnerWorker.run(SuiteRunnerWorker.java:84)at org.testng.TestNG.runSuitesSequentially(TestNG.java:1187)at org.testng.TestNG.runSuitesLocally(TestNG.java:1116)at org.testng.TestNG.runSuites(TestNG.java:1028)at org.testng.TestNG.run(TestNG.java:996)at org.testng.remote.AbstractRemoteTestNG.run(AbstractRemoteTestNG.java:114)at org.testng.remote.RemoteTestNG.initAndRun(RemoteTestNG.java:251)at org.testng.remote.RemoteTestNG.main(RemoteTestNG.java:77)]]>
            </full-stacktrace>
          </exception> <!-- org.openqa.selenium.WebDriverException -->
          <reporter-output>
          </reporter-output>
        </test-method> <!-- grid -->
      </class> <!-- grid_ex.GridEg -->
    </test> <!-- On Chrome -->
  </suite> <!-- Suite -->
</testng-results>
